<?xml version="1.0" encoding="UTF-8"?>
<!-- Generated by org.testng.reporters.JUnitReportReporter -->
<testsuite skipped="0" hostname="NB1499-PC0V5SVK" name="test.SearchTest" tests="1" failures="0" timestamp="2021-04-29T16:43:17 IST" time="5.446" errors="0">
  <testcase name="login" time="5.446" classname="test.SearchTest"/>
  <system-out/>
</testsuite> <!-- test.SearchTest -->
