<?xml version="1.0" encoding="UTF-8"?>
<!-- Generated by org.testng.reporters.JUnitReportReporter -->
<testsuite skipped="0" hostname="NB1499-PC0V5SVK" name="test.LoginTest" tests="1" failures="0" timestamp="2021-04-29T15:45:01 IST" time="4.019" errors="0">
  <testcase name="login" time="4.019" classname="test.LoginTest"/>
  <system-out/>
</testsuite> <!-- test.LoginTest -->
